<?xml version="1.0" encoding="UTF-8"?>
<robot generator="Robot 3.2.1 (Python 3.7.2 on win32)" generated="20200913 18:47:01.985" rpa="false">
<suite id="s1" name="Smoke" source="C:\Python37Projects\IMDB\Test\Smoke.robot">
<test id="s1-t1" name="Case1">
<kw name="Begin Web Test" library="CommonPageObject" type="setup">
<kw name="Open Browser" library="SeleniumLibrary">
<doc>Opens a new browser instance to the given ``url``.</doc>
<arguments>
<arg>${BASE_URL}</arg>
<arg>${BROWSER}</arg>
</arguments>
<msg timestamp="20200913 18:47:02.333" level="INFO">Opening browser 'Chrome' to base url 'http://www.imdb.com/chart/top?ref_=nv_mv_250_6'.</msg>
<status status="PASS" starttime="20200913 18:47:02.333" endtime="20200913 18:47:09.000"></status>
</kw>
<kw name="Maximize The Browser" library="PythonKeywords">
<status status="PASS" starttime="20200913 18:47:09.000" endtime="20200913 18:47:11.193"></status>
</kw>
<status status="PASS" starttime="20200913 18:47:02.333" endtime="20200913 18:47:11.194"></status>
</kw>
<kw name="Given User doesn’t logs in IMDB" library="Top250PageObject">
<kw name="Wait Element Is Visible" library="PythonKeywords">
<arguments>
<arg>${SignIn}</arg>
</arguments>
<status status="PASS" starttime="20200913 18:47:11.195" endtime="20200913 18:47:11.241"></status>
</kw>
<kw name="Get Text Of Element" library="PythonKeywords">
<arguments>
<arg>${SignIn}</arg>
</arguments>
<assign>
<var>${text}</var>
</assign>
<msg timestamp="20200913 18:47:13.223" level="INFO">${text} = Sign In</msg>
<status status="PASS" starttime="20200913 18:47:11.242" endtime="20200913 18:47:13.223"></status>
</kw>
<kw name="Elements Should Be Equal" library="PythonKeywords">
<arguments>
<arg>${text}</arg>
<arg>Sign In</arg>
</arguments>
<msg timestamp="20200913 18:47:13.223" level="INFO">Sign In equals Sign In</msg>
<status status="PASS" starttime="20200913 18:47:13.223" endtime="20200913 18:47:13.223"></status>
</kw>
<status status="PASS" starttime="20200913 18:47:11.195" endtime="20200913 18:47:13.223"></status>
</kw>
<kw name="And User visits the “Top 250 rated movies” pages" library="Top250PageObject">
<kw name="Wait Element Is Visible" library="PythonKeywords">
<arguments>
<arg>${YourRatingsElement}</arg>
</arguments>
<status status="PASS" starttime="20200913 18:47:13.224" endtime="20200913 18:47:13.282"></status>
</kw>
<kw name="Get Text Of Element" library="PythonKeywords">
<arguments>
<arg>${Top250Line}</arg>
</arguments>
<assign>
<var>${text}</var>
</assign>
<msg timestamp="20200913 18:47:13.313" level="INFO">${text} = Top 250 as rated by IMDb Users</msg>
<status status="PASS" starttime="20200913 18:47:13.282" endtime="20200913 18:47:13.313"></status>
</kw>
<kw name="Elements Should Be Equal" library="PythonKeywords">
<arguments>
<arg>${text}</arg>
<arg>Top 250 as rated by IMDb Users</arg>
</arguments>
<msg timestamp="20200913 18:47:13.313" level="INFO">Top 250 as rated by IMDb Users equals Top 250 as rated by IMDb Users</msg>
<status status="PASS" starttime="20200913 18:47:13.313" endtime="20200913 18:47:13.313"></status>
</kw>
<status status="PASS" starttime="20200913 18:47:13.224" endtime="20200913 18:47:13.313"></status>
</kw>
<kw name="And User clicks on “your rating” area for any movie" library="Top250PageObject">
<kw name="Click On Any Your Rating" library="PythonKeywords">
<msg timestamp="20200913 18:47:13.841" level="INFO">124
250</msg>
<status status="PASS" starttime="20200913 18:47:13.314" endtime="20200913 18:47:13.841"></status>
</kw>
<status status="PASS" starttime="20200913 18:47:13.314" endtime="20200913 18:47:13.841"></status>
</kw>
<kw name="Then User should be navigated to “IMDB login” page" library="LoginPageObject">
<kw name="Wait Element Is Visible" library="PythonKeywords">
<arguments>
<arg>${SignInTextInLogin}</arg>
</arguments>
<status status="PASS" starttime="20200913 18:47:13.842" endtime="20200913 18:47:15.157"></status>
</kw>
<kw name="Get Text Of Element" library="PythonKeywords">
<arguments>
<arg>${SignInTextInLogin}</arg>
</arguments>
<assign>
<var>${text}</var>
</assign>
<msg timestamp="20200913 18:47:15.177" level="INFO">${text} = Sign in</msg>
<status status="PASS" starttime="20200913 18:47:15.157" endtime="20200913 18:47:15.177"></status>
</kw>
<kw name="Elements Should Be Equal" library="PythonKeywords">
<arguments>
<arg>${text}</arg>
<arg>Sign in</arg>
</arguments>
<msg timestamp="20200913 18:47:15.177" level="INFO">Sign in equals Sign in</msg>
<status status="PASS" starttime="20200913 18:47:15.177" endtime="20200913 18:47:15.178"></status>
</kw>
<kw name="Wait Element Is Visible" library="PythonKeywords">
<arguments>
<arg>${SignInImdb}</arg>
</arguments>
<status status="PASS" starttime="20200913 18:47:15.178" endtime="20200913 18:47:15.200"></status>
</kw>
<kw name="Get Text Of Element" library="PythonKeywords">
<arguments>
<arg>${SignInImdb}</arg>
</arguments>
<assign>
<var>${text}</var>
</assign>
<msg timestamp="20200913 18:47:15.221" level="INFO">${text} = Sign in with IMDb</msg>
<status status="PASS" starttime="20200913 18:47:15.200" endtime="20200913 18:47:15.221"></status>
</kw>
<kw name="Elements Should Be Equal" library="PythonKeywords">
<arguments>
<arg>${text}</arg>
<arg>Sign in with IMDb</arg>
</arguments>
<msg timestamp="20200913 18:47:15.221" level="INFO">Sign in with IMDb equals Sign in with IMDb</msg>
<status status="PASS" starttime="20200913 18:47:15.221" endtime="20200913 18:47:15.221"></status>
</kw>
<kw name="Get Text Of Element" library="PythonKeywords">
<arguments>
<arg>${SignInWithAmazon}</arg>
</arguments>
<assign>
<var>${text}</var>
</assign>
<msg timestamp="20200913 18:47:15.248" level="INFO">${text} = Sign in with Amazon</msg>
<status status="PASS" starttime="20200913 18:47:15.222" endtime="20200913 18:47:15.248"></status>
</kw>
<kw name="Elements Should Be Equal" library="PythonKeywords">
<arguments>
<arg>${text}</arg>
<arg>Sign in with Amazon</arg>
</arguments>
<msg timestamp="20200913 18:47:15.248" level="INFO">Sign in with Amazon equals Sign in with Amazon</msg>
<status status="PASS" starttime="20200913 18:47:15.248" endtime="20200913 18:47:15.248"></status>
</kw>
<kw name="Get Text Of Element" library="PythonKeywords">
<arguments>
<arg>${SignInWithFacebook}</arg>
</arguments>
<assign>
<var>${text}</var>
</assign>
<msg timestamp="20200913 18:47:15.271" level="INFO">${text} = Sign in with Facebook</msg>
<status status="PASS" starttime="20200913 18:47:15.248" endtime="20200913 18:47:15.271"></status>
</kw>
<kw name="Elements Should Be Equal" library="PythonKeywords">
<arguments>
<arg>${text}</arg>
<arg>Sign in with Facebook</arg>
</arguments>
<msg timestamp="20200913 18:47:15.271" level="INFO">Sign in with Facebook equals Sign in with Facebook</msg>
<status status="PASS" starttime="20200913 18:47:15.271" endtime="20200913 18:47:15.271"></status>
</kw>
<kw name="Get Text Of Element" library="PythonKeywords">
<arguments>
<arg>${SignInWithApple}</arg>
</arguments>
<assign>
<var>${text}</var>
</assign>
<msg timestamp="20200913 18:47:15.293" level="INFO">${text} = Sign in with Apple</msg>
<status status="PASS" starttime="20200913 18:47:15.272" endtime="20200913 18:47:15.293"></status>
</kw>
<kw name="Elements Should Be Equal" library="PythonKeywords">
<arguments>
<arg>${text}</arg>
<arg>Sign in with Apple</arg>
</arguments>
<msg timestamp="20200913 18:47:15.293" level="INFO">Sign in with Apple equals Sign in with Apple</msg>
<status status="PASS" starttime="20200913 18:47:15.293" endtime="20200913 18:47:15.293"></status>
</kw>
<kw name="Get Text Of Element" library="PythonKeywords">
<arguments>
<arg>${CreateNewAccount}</arg>
</arguments>
<assign>
<var>${text}</var>
</assign>
<msg timestamp="20200913 18:47:15.319" level="INFO">${text} = Create a New Account</msg>
<status status="PASS" starttime="20200913 18:47:15.293" endtime="20200913 18:47:15.319"></status>
</kw>
<kw name="Elements Should Be Equal" library="PythonKeywords">
<arguments>
<arg>${text}</arg>
<arg>Create a New Account</arg>
</arguments>
<msg timestamp="20200913 18:47:15.319" level="INFO">Create a New Account equals Create a New Account</msg>
<status status="PASS" starttime="20200913 18:47:15.319" endtime="20200913 18:47:15.319"></status>
</kw>
<status status="PASS" starttime="20200913 18:47:13.842" endtime="20200913 18:47:15.319"></status>
</kw>
<kw name="End Web Test" library="CommonPageObject" type="teardown">
<kw name="Please Close Browser" library="PythonKeywords">
<status status="PASS" starttime="20200913 18:47:15.319" endtime="20200913 18:47:15.445"></status>
</kw>
<status status="PASS" starttime="20200913 18:47:15.319" endtime="20200913 18:47:15.446"></status>
</kw>
<status status="PASS" starttime="20200913 18:47:02.317" endtime="20200913 18:47:15.446" critical="yes"></status>
</test>
<test id="s1-t2" name="Case 4">
<kw name="Begin Web Test" library="CommonPageObject" type="setup">
<kw name="Open Browser" library="SeleniumLibrary">
<doc>Opens a new browser instance to the given ``url``.</doc>
<arguments>
<arg>${BASE_URL}</arg>
<arg>${BROWSER}</arg>
</arguments>
<msg timestamp="20200913 18:47:15.449" level="INFO">Opening browser 'Chrome' to base url 'http://www.imdb.com/chart/top?ref_=nv_mv_250_6'.</msg>
<status status="PASS" starttime="20200913 18:47:15.448" endtime="20200913 18:47:20.751"></status>
</kw>
<kw name="Maximize The Browser" library="PythonKeywords">
<status status="PASS" starttime="20200913 18:47:20.751" endtime="20200913 18:47:22.969"></status>
</kw>
<status status="PASS" starttime="20200913 18:47:15.448" endtime="20200913 18:47:22.970"></status>
</kw>
<kw name="Given User logs in IMDB" library="LoginPageObject">
<kw name="Wait Element Is Visible" library="PythonKeywords">
<arguments>
<arg>${SignIn}</arg>
</arguments>
<status status="PASS" starttime="20200913 18:47:22.971" endtime="20200913 18:47:23.020"></status>
</kw>
<kw name="Wait Element Is Visible" library="PythonKeywords">
<arguments>
<arg>${YourRatingsElement}</arg>
</arguments>
<status status="PASS" starttime="20200913 18:47:23.020" endtime="20200913 18:47:25.412"></status>
</kw>
<kw name="Click This Element" library="PythonKeywords">
<arguments>
<arg>${SignIn}</arg>
</arguments>
<status status="PASS" starttime="20200913 18:47:25.412" endtime="20200913 18:47:26.776"></status>
</kw>
<kw name="Wait Element Is Visible" library="PythonKeywords">
<arguments>
<arg>${SignInImdb}</arg>
</arguments>
<status status="PASS" starttime="20200913 18:47:26.777" endtime="20200913 18:47:26.798"></status>
</kw>
<kw name="Click This Element" library="PythonKeywords">
<arguments>
<arg>${SignInImdb}</arg>
</arguments>
<status status="PASS" starttime="20200913 18:47:26.798" endtime="20200913 18:47:27.608"></status>
</kw>
<kw name="Wait Element Is Visible" library="PythonKeywords">
<arguments>
<arg>${Email}</arg>
</arguments>
<status status="PASS" starttime="20200913 18:47:27.608" endtime="20200913 18:47:28.148"></status>
</kw>
<kw name="Type Something" library="PythonKeywords">
<arguments>
<arg>${Email}</arg>
<arg>d.gulberk@hotmail.com</arg>
</arguments>
<status status="PASS" starttime="20200913 18:47:28.148" endtime="20200913 18:47:28.280"></status>
</kw>
<kw name="Type Something" library="PythonKeywords">
<arguments>
<arg>${Password}</arg>
<arg>Test1234**</arg>
</arguments>
<status status="PASS" starttime="20200913 18:47:28.280" endtime="20200913 18:47:28.394"></status>
</kw>
<kw name="Click This Element" library="PythonKeywords">
<arguments>
<arg>${RealSignInButton}</arg>
</arguments>
<status status="PASS" starttime="20200913 18:47:28.394" endtime="20200913 18:47:31.037"></status>
</kw>
<kw name="Wait Element Is Visible" library="PythonKeywords">
<arguments>
<arg>${myname}</arg>
</arguments>
<status status="PASS" starttime="20200913 18:47:31.037" endtime="20200913 18:47:31.576"></status>
</kw>
<kw name="Get Text Of Element" library="PythonKeywords">
<arguments>
<arg>${myname}</arg>
</arguments>
<assign>
<var>${text}</var>
</assign>
<msg timestamp="20200913 18:47:31.595" level="INFO">${text} = Gulberk</msg>
<status status="PASS" starttime="20200913 18:47:31.576" endtime="20200913 18:47:31.595"></status>
</kw>
<kw name="Elements Should Not Be Equal" library="PythonKeywords">
<arguments>
<arg>${text}</arg>
<arg>Sign In</arg>
</arguments>
<msg timestamp="20200913 18:47:31.595" level="INFO">Gulberk doesnt equals Sign In</msg>
<status status="PASS" starttime="20200913 18:47:31.595" endtime="20200913 18:47:31.595"></status>
</kw>
<status status="PASS" starttime="20200913 18:47:22.970" endtime="20200913 18:47:31.596"></status>
</kw>
<kw name="And User visits the “Top 250 rated movies” pages" library="Top250PageObject">
<kw name="Wait Element Is Visible" library="PythonKeywords">
<arguments>
<arg>${YourRatingsElement}</arg>
</arguments>
<status status="PASS" starttime="20200913 18:47:31.597" endtime="20200913 18:47:35.825"></status>
</kw>
<kw name="Get Text Of Element" library="PythonKeywords">
<arguments>
<arg>${Top250Line}</arg>
</arguments>
<assign>
<var>${text}</var>
</assign>
<msg timestamp="20200913 18:47:35.860" level="INFO">${text} = Top 250 as rated by IMDb Users</msg>
<status status="PASS" starttime="20200913 18:47:35.825" endtime="20200913 18:47:35.860"></status>
</kw>
<kw name="Elements Should Be Equal" library="PythonKeywords">
<arguments>
<arg>${text}</arg>
<arg>Top 250 as rated by IMDb Users</arg>
</arguments>
<msg timestamp="20200913 18:47:35.860" level="INFO">Top 250 as rated by IMDb Users equals Top 250 as rated by IMDb Users</msg>
<status status="PASS" starttime="20200913 18:47:35.860" endtime="20200913 18:47:35.861"></status>
</kw>
<status status="PASS" starttime="20200913 18:47:31.596" endtime="20200913 18:47:35.861"></status>
</kw>
<kw name="And User hovers over “click to add watchlist” area for any movie" library="Top250PageObject">
<kw name="Hover Over Any Add To Wathclist" library="PythonKeywords">
<arguments>
<arg>${AddToWathclistElements}</arg>
</arguments>
<msg timestamp="20200913 18:47:36.289" level="INFO">157
İhtiyarlara yer yok</msg>
<status status="PASS" starttime="20200913 18:47:35.862" endtime="20200913 18:47:36.289"></status>
</kw>
<status status="PASS" starttime="20200913 18:47:35.861" endtime="20200913 18:47:36.289"></status>
</kw>
<kw name="And User sees tooltip includes “click to add watchlist”" library="Top250PageObject">
<kw name="Check Tooltip Before Adding" library="PythonKeywords">
<msg timestamp="20200913 18:47:36.380" level="INFO">157
Click to add to watchlist equals Click to add to watchlist
İhtiyarlara yer yok</msg>
<status status="PASS" starttime="20200913 18:47:36.291" endtime="20200913 18:47:36.380"></status>
</kw>
<status status="PASS" starttime="20200913 18:47:36.290" endtime="20200913 18:47:36.380"></status>
</kw>
<kw name="When User clicks on “click to add watchlist” area" library="Top250PageObject">
<kw name="Click To Add To Watchlist" library="PythonKeywords">
<arguments>
<arg>${AddToWathclistElements}</arg>
</arguments>
<status status="PASS" starttime="20200913 18:47:36.381" endtime="20200913 18:47:36.515"></status>
</kw>
<status status="PASS" starttime="20200913 18:47:36.381" endtime="20200913 18:47:36.515"></status>
</kw>
<kw name="Then User sees tooltip includes “click to remove from watchlist”" library="Top250PageObject">
<kw name="Check Tooltip After Adding" library="PythonKeywords">
<msg timestamp="20200913 18:47:39.570" level="INFO">157
İhtiyarlara yer yok
Click to remove from watchlist equals Click to remove from watchlist</msg>
<status status="PASS" starttime="20200913 18:47:36.516" endtime="20200913 18:47:39.570"></status>
</kw>
<status status="PASS" starttime="20200913 18:47:36.516" endtime="20200913 18:47:39.570"></status>
</kw>
<kw name="And User should see the movie’s name in the watchlist page" library="WatchListPageObject">
<kw name="Click This Element" library="PythonKeywords">
<arguments>
<arg>${WatchListButton}</arg>
</arguments>
<status status="PASS" starttime="20200913 18:47:39.570" endtime="20200913 18:47:41.344"></status>
</kw>
<kw name="Find My Movie In Watchlist" library="PythonKeywords">
<arguments>
<arg>${filenames}</arg>
</arguments>
<msg timestamp="20200913 18:47:43.420" level="INFO">İhtiyarlara yer yok can not be found in your watchlist
İhtiyarlara yer yok can not be found in your watchlist
İhtiyarlara yer yok can not be found in your watchlist
İhtiyarlara yer yok can not be found in your watchlist
İhtiyarlara yer yok can not be found in your watchlist
İhtiyarlara yer yok can not be found in your watchlist
İhtiyarlara yer yok can not be found in your watchlist
İhtiyarlara yer yok can not be found in your watchlist
İhtiyarlara yer yok can not be found in your watchlist
İhtiyarlara yer yok can not be found in your watchlist
İhtiyarlara yer yok can not be found in your watchlist
İhtiyarlara yer yok can not be found in your watchlist
İhtiyarlara yer yok can not be found in your watchlist
İhtiyarlara yer yok can not be found in your watchlist
İhtiyarlara yer yok can not be found in your watchlist
İhtiyarlara yer yok can not be found in your watchlist
İhtiyarlara yer yok movie was added to your watchlist</msg>
<status status="PASS" starttime="20200913 18:47:41.344" endtime="20200913 18:47:43.420"></status>
</kw>
<status status="PASS" starttime="20200913 18:47:39.570" endtime="20200913 18:47:43.420"></status>
</kw>
<kw name="End Web Test" library="CommonPageObject" type="teardown">
<kw name="Please Close Browser" library="PythonKeywords">
<status status="PASS" starttime="20200913 18:47:43.422" endtime="20200913 18:47:43.517"></status>
</kw>
<status status="PASS" starttime="20200913 18:47:43.421" endtime="20200913 18:47:43.532"></status>
</kw>
<status status="PASS" starttime="20200913 18:47:15.447" endtime="20200913 18:47:43.532" critical="yes"></status>
</test>
<status status="PASS" starttime="20200913 18:47:01.985" endtime="20200913 18:47:43.532"></status>
</suite>
<statistics>
<total>
<stat pass="2" fail="0">Critical Tests</stat>
<stat pass="2" fail="0">All Tests</stat>
</total>
<tag>
</tag>
<suite>
<stat pass="2" fail="0" id="s1" name="Smoke">Smoke</stat>
</suite>
</statistics>
<errors>
</errors>
</robot>
